<?xml version="1.0" encoding="UTF-8"?>
<!-- Generated by org.testng.reporters.JUnitXMLReporter -->
<testsuite hostname="venkat" ignored="0" name="Default test" tests="12" failures="1" timestamp="2020-12-24T12:15:29 IST" time="25.837" errors="0">
  <testcase name="test" time="0.013" classname="myPagesTest.TestPage"/>
  <testcase name="test001" time="0.001" classname="myPagesTest.TestPage"/>
  <testcase name="test002" time="0.001" classname="myPagesTest.TestPage"/>
  <testcase name="test003" time="0.003" classname="myPagesTest.TestPage"/>
  <testcase name="test004" time="0.007" classname="myPagesTest.TestPage"/>
  <testcase name="test005" time="0.002" classname="myPagesTest.TestPage"/>
  <testcase name="test006" time="0.001" classname="myPagesTest.TestPage"/>
  <testcase name="test007" time="0.002" classname="myPagesTest.TestPage"/>
  <testcase name="test008" time="0.002" classname="myPagesTest.TestPage"/>
  <testcase name="test009" time="0.003" classname="myPagesTest.TestPage">
    <failure type="java.lang.AssertionError">
      <![CDATA[java.lang.AssertionError: 
at org.testng.AssertJUnit.fail(AssertJUnit.java:47)
at org.testng.AssertJUnit.assertTrue(AssertJUnit.java:20)
at org.testng.AssertJUnit.assertTrue(AssertJUnit.java:26)
at myPagesTest.TestPage.test009(TestPage.java:96)
at sun.reflect.NativeMethodAccessorImpl.invoke0(Native Method)
at sun.reflect.NativeMethodAccessorImpl.invoke(NativeMethodAccessorImpl.java:62)
at sun.reflect.DelegatingMethodAccessorImpl.invoke(DelegatingMethodAccessorImpl.java:43)
at java.lang.reflect.Method.invoke(Method.java:498)
at org.testng.internal.MethodInvocationHelper.invokeMethod(MethodInvocationHelper.java:133)
at org.testng.internal.TestInvoker.invokeMethod(TestInvoker.java:584)
at org.testng.internal.TestInvoker.invokeTestMethod(TestInvoker.java:172)
at org.testng.internal.MethodRunner.runInSequence(MethodRunner.java:46)
at org.testng.internal.TestInvoker$MethodInvocationAgent.invoke(TestInvoker.java:804)
at org.testng.internal.TestInvoker.invokeTestMethods(TestInvoker.java:145)
at org.testng.internal.TestMethodWorker.invokeTestMethods(TestMethodWorker.java:146)
at org.testng.internal.TestMethodWorker.run(TestMethodWorker.java:128)
at java.util.ArrayList.forEach(ArrayList.java:1257)
at org.testng.TestRunner.privateRun(TestRunner.java:770)
at org.testng.TestRunner.run(TestRunner.java:591)
at org.testng.SuiteRunner.runTest(SuiteRunner.java:402)
at org.testng.SuiteRunner.runSequentially(SuiteRunner.java:396)
at org.testng.SuiteRunner.privateRun(SuiteRunner.java:355)
at org.testng.SuiteRunner.run(SuiteRunner.java:304)
at org.testng.SuiteRunnerWorker.runSuite(SuiteRunnerWorker.java:53)
at org.testng.SuiteRunnerWorker.run(SuiteRunnerWorker.java:96)
at org.testng.TestNG.runSuitesSequentially(TestNG.java:1180)
at org.testng.TestNG.runSuitesLocally(TestNG.java:1102)
at org.testng.TestNG.runSuites(TestNG.java:1032)
at org.testng.TestNG.run(TestNG.java:1000)
at org.testng.remote.AbstractRemoteTestNG.run(AbstractRemoteTestNG.java:115)
at org.testng.remote.RemoteTestNG.initAndRun(RemoteTestNG.java:251)
at org.testng.remote.RemoteTestNG.main(RemoteTestNG.java:77)
]]>
    </failure>
  </testcase> <!-- test009 -->
  <testcase name="test010" time="0.0" classname="myPagesTest.TestPage">
    <skipped/>
  </testcase> <!-- test010 -->
  <testcase name="test011" time="0.0" classname="myPagesTest.TestPage">
    <skipped/>
  </testcase> <!-- test011 -->
</testsuite> <!-- Default test -->
