<?xml version="1.0" encoding="UTF-8"?>
<!-- Generated by org.testng.reporters.JUnitXMLReporter -->
<testsuite hostname="venkat" ignored="0" name="Test" tests="12" failures="1" timestamp="2020-12-24T12:17:02 IST" time="30.874" errors="0">
  <testcase name="test" time="0.017" classname="myPagesTest.TestPage"/>
  <testcase name="test001" time="0.003" classname="myPagesTest.TestPage"/>
  <testcase name="test002" time="0.001" classname="myPagesTest.TestPage"/>
  <testcase name="test003" time="0.002" classname="myPagesTest.TestPage"/>
  <testcase name="test004" time="0.001" classname="myPagesTest.TestPage"/>
  <testcase name="test005" time="0.001" classname="myPagesTest.TestPage"/>
  <testcase name="test006" time="0.002" classname="myPagesTest.TestPage"/>
  <testcase name="test007" time="0.001" classname="myPagesTest.TestPage"/>
  <testcase name="test008" time="0.001" classname="myPagesTest.TestPage"/>
  <testcase name="test009" time="0.006" classname="myPagesTest.TestPage">
    <failure type="java.lang.AssertionError">
      <![CDATA[java.lang.AssertionError: 
at myPagesTest.TestPage.test009(TestPage.java:96)
at java.util.ArrayList.forEach(ArrayList.java:1257)
... Removed 30 stack frames]]>
    </failure>
  </testcase> <!-- test009 -->
  <testcase name="test010" time="0.0" classname="myPagesTest.TestPage">
    <skipped/>
  </testcase> <!-- test010 -->
  <testcase name="test011" time="0.001" classname="myPagesTest.TestPage">
    <skipped/>
  </testcase> <!-- test011 -->
</testsuite> <!-- Test -->
