<?xml version="1.0" encoding="UTF-8"?>
<testng-results skipped="2" failed="1" ignored="0" retried="3" total="15" passed="9">
  <reporter-output>
  </reporter-output>
  <suite name="Suite" duration-ms="30889" started-at="2020-12-25T13:57:03 IST" finished-at="2020-12-25T13:57:33 IST">
    <groups>
      <group name="class_2">
        <method signature="TestPage.test006()[pri:6, instance:myPagesTest.TestPage@56aac163]" name="test006" class="myPagesTest.TestPage"/>
        <method signature="TestPage.test007()[pri:7, instance:myPagesTest.TestPage@56aac163]" name="test007" class="myPagesTest.TestPage"/>
        <method signature="TestPage.test008()[pri:8, instance:myPagesTest.TestPage@56aac163]" name="test008" class="myPagesTest.TestPage"/>
      </group> <!-- class_2 -->
      <group name="class_1">
        <method signature="TestPage.test001()[pri:1, instance:myPagesTest.TestPage@56aac163]" name="test001" class="myPagesTest.TestPage"/>
        <method signature="TestPage.test002()[pri:2, instance:myPagesTest.TestPage@56aac163]" name="test002" class="myPagesTest.TestPage"/>
        <method signature="TestPage.test003()[pri:3, instance:myPagesTest.TestPage@56aac163]" name="test003" class="myPagesTest.TestPage"/>
        <method signature="TestPage.test004()[pri:4, instance:myPagesTest.TestPage@56aac163]" name="test004" class="myPagesTest.TestPage"/>
        <method signature="TestPage.test005()[pri:5, instance:myPagesTest.TestPage@56aac163]" name="test005" class="myPagesTest.TestPage"/>
      </group> <!-- class_1 -->
      <group name="class_3">
        <method signature="TestPage.test009()[pri:9, instance:myPagesTest.TestPage@56aac163]" name="test009" class="myPagesTest.TestPage"/>
        <method signature="TestPage.test010()[pri:10, instance:myPagesTest.TestPage@56aac163]" name="test010" class="myPagesTest.TestPage"/>
        <method signature="TestPage.test011()[pri:11, instance:myPagesTest.TestPage@56aac163]" name="test011" class="myPagesTest.TestPage"/>
      </group> <!-- class_3 -->
    </groups>
    <test name="Test" duration-ms="30889" started-at="2020-12-25T13:57:03 IST" finished-at="2020-12-25T13:57:33 IST">
      <class name="myPagesTest.TestPage">
        <test-method status="PASS" signature="beforeSuite()[pri:0, instance:myPagesTest.TestPage@56aac163]" name="beforeSuite" is-config="true" duration-ms="15" started-at="2020-12-25T13:57:03 IST" finished-at="2020-12-25T13:57:03 IST">
          <reporter-output>
          </reporter-output>
        </test-method> <!-- beforeSuite -->
        <test-method status="PASS" signature="beforeTest()[pri:0, instance:myPagesTest.TestPage@56aac163]" name="beforeTest" is-config="true" duration-ms="0" started-at="2020-12-25T13:57:03 IST" finished-at="2020-12-25T13:57:03 IST">
          <reporter-output>
          </reporter-output>
        </test-method> <!-- beforeTest -->
        <test-method status="PASS" signature="beforeClass()[pri:0, instance:myPagesTest.TestPage@56aac163]" name="beforeClass" is-config="true" duration-ms="0" started-at="2020-12-25T13:57:03 IST" finished-at="2020-12-25T13:57:03 IST">
          <reporter-output>
          </reporter-output>
        </test-method> <!-- beforeClass -->
        <test-method status="PASS" signature="beforeMethod()[pri:0, instance:myPagesTest.TestPage@56aac163]" name="beforeMethod" is-config="true" duration-ms="1797" started-at="2020-12-25T13:57:03 IST" finished-at="2020-12-25T13:57:05 IST">
          <reporter-output>
          </reporter-output>
        </test-method> <!-- beforeMethod -->
        <test-method status="PASS" signature="test()[pri:0, instance:myPagesTest.TestPage@56aac163]" name="test" duration-ms="15" started-at="2020-12-25T13:57:05 IST" finished-at="2020-12-25T13:57:05 IST">
          <reporter-output>
          </reporter-output>
        </test-method> <!-- test -->
        <test-method status="PASS" signature="afterMethod()[pri:0, instance:myPagesTest.TestPage@56aac163]" name="afterMethod" is-config="true" duration-ms="59" started-at="2020-12-25T13:57:05 IST" finished-at="2020-12-25T13:57:05 IST">
          <reporter-output>
          </reporter-output>
        </test-method> <!-- afterMethod -->
        <test-method status="PASS" signature="beforeMethod()[pri:0, instance:myPagesTest.TestPage@56aac163]" name="beforeMethod" is-config="true" duration-ms="2075" started-at="2020-12-25T13:57:05 IST" finished-at="2020-12-25T13:57:07 IST">
          <reporter-output>
          </reporter-output>
        </test-method> <!-- beforeMethod -->
        <test-method status="PASS" signature="test001()[pri:1, instance:myPagesTest.TestPage@56aac163]" name="test001" duration-ms="2" started-at="2020-12-25T13:57:07 IST" finished-at="2020-12-25T13:57:07 IST">
          <reporter-output>
          </reporter-output>
        </test-method> <!-- test001 -->
        <test-method status="PASS" signature="afterMethod()[pri:0, instance:myPagesTest.TestPage@56aac163]" name="afterMethod" is-config="true" duration-ms="56" started-at="2020-12-25T13:57:07 IST" finished-at="2020-12-25T13:57:07 IST">
          <reporter-output>
          </reporter-output>
        </test-method> <!-- afterMethod -->
        <test-method status="PASS" signature="beforeMethod()[pri:0, instance:myPagesTest.TestPage@56aac163]" name="beforeMethod" is-config="true" duration-ms="2289" started-at="2020-12-25T13:57:07 IST" finished-at="2020-12-25T13:57:09 IST">
          <reporter-output>
          </reporter-output>
        </test-method> <!-- beforeMethod -->
        <test-method status="PASS" signature="test002()[pri:2, instance:myPagesTest.TestPage@56aac163]" name="test002" duration-ms="1" started-at="2020-12-25T13:57:09 IST" depends-on-methods="myPagesTest.TestPage.test001" finished-at="2020-12-25T13:57:09 IST">
          <reporter-output>
          </reporter-output>
        </test-method> <!-- test002 -->
        <test-method status="PASS" signature="afterMethod()[pri:0, instance:myPagesTest.TestPage@56aac163]" name="afterMethod" is-config="true" duration-ms="55" started-at="2020-12-25T13:57:09 IST" finished-at="2020-12-25T13:57:09 IST">
          <reporter-output>
          </reporter-output>
        </test-method> <!-- afterMethod -->
        <test-method status="PASS" signature="beforeMethod()[pri:0, instance:myPagesTest.TestPage@56aac163]" name="beforeMethod" is-config="true" duration-ms="2296" started-at="2020-12-25T13:57:09 IST" finished-at="2020-12-25T13:57:12 IST">
          <reporter-output>
          </reporter-output>
        </test-method> <!-- beforeMethod -->
        <test-method status="PASS" signature="test003()[pri:3, instance:myPagesTest.TestPage@56aac163]" name="test003" duration-ms="3" started-at="2020-12-25T13:57:12 IST" depends-on-methods="myPagesTest.TestPage.test001" finished-at="2020-12-25T13:57:12 IST">
          <reporter-output>
          </reporter-output>
        </test-method> <!-- test003 -->
        <test-method status="PASS" signature="afterMethod()[pri:0, instance:myPagesTest.TestPage@56aac163]" name="afterMethod" is-config="true" duration-ms="57" started-at="2020-12-25T13:57:12 IST" finished-at="2020-12-25T13:57:12 IST">
          <reporter-output>
          </reporter-output>
        </test-method> <!-- afterMethod -->
        <test-method status="PASS" signature="beforeMethod()[pri:0, instance:myPagesTest.TestPage@56aac163]" name="beforeMethod" is-config="true" duration-ms="1599" started-at="2020-12-25T13:57:12 IST" finished-at="2020-12-25T13:57:13 IST">
          <reporter-output>
          </reporter-output>
        </test-method> <!-- beforeMethod -->
        <test-method status="PASS" signature="test004()[pri:4, instance:myPagesTest.TestPage@56aac163]" name="test004" duration-ms="3" started-at="2020-12-25T13:57:13 IST" depends-on-methods="myPagesTest.TestPage.test001" finished-at="2020-12-25T13:57:13 IST">
          <reporter-output>
          </reporter-output>
        </test-method> <!-- test004 -->
        <test-method status="PASS" signature="afterMethod()[pri:0, instance:myPagesTest.TestPage@56aac163]" name="afterMethod" is-config="true" duration-ms="116" started-at="2020-12-25T13:57:13 IST" finished-at="2020-12-25T13:57:13 IST">
          <reporter-output>
          </reporter-output>
        </test-method> <!-- afterMethod -->
        <test-method status="PASS" signature="beforeMethod()[pri:0, instance:myPagesTest.TestPage@56aac163]" name="beforeMethod" is-config="true" duration-ms="2181" started-at="2020-12-25T13:57:13 IST" finished-at="2020-12-25T13:57:16 IST">
          <reporter-output>
          </reporter-output>
        </test-method> <!-- beforeMethod -->
        <test-method status="PASS" signature="test005()[pri:5, instance:myPagesTest.TestPage@56aac163]" name="test005" duration-ms="2" started-at="2020-12-25T13:57:16 IST" depends-on-methods="myPagesTest.TestPage.test001" finished-at="2020-12-25T13:57:16 IST">
          <reporter-output>
          </reporter-output>
        </test-method> <!-- test005 -->
        <test-method status="PASS" signature="afterMethod()[pri:0, instance:myPagesTest.TestPage@56aac163]" name="afterMethod" is-config="true" duration-ms="59" started-at="2020-12-25T13:57:16 IST" finished-at="2020-12-25T13:57:16 IST">
          <reporter-output>
          </reporter-output>
        </test-method> <!-- afterMethod -->
        <test-method status="PASS" signature="beforeMethod()[pri:0, instance:myPagesTest.TestPage@56aac163]" name="beforeMethod" is-config="true" duration-ms="2148" started-at="2020-12-25T13:57:16 IST" finished-at="2020-12-25T13:57:18 IST">
          <reporter-output>
          </reporter-output>
        </test-method> <!-- beforeMethod -->
        <test-method status="PASS" signature="test006()[pri:6, instance:myPagesTest.TestPage@56aac163]" name="test006" duration-ms="2" started-at="2020-12-25T13:57:18 IST" finished-at="2020-12-25T13:57:18 IST">
          <reporter-output>
          </reporter-output>
        </test-method> <!-- test006 -->
        <test-method status="PASS" signature="afterMethod()[pri:0, instance:myPagesTest.TestPage@56aac163]" name="afterMethod" is-config="true" duration-ms="157" started-at="2020-12-25T13:57:18 IST" finished-at="2020-12-25T13:57:18 IST">
          <reporter-output>
          </reporter-output>
        </test-method> <!-- afterMethod -->
        <test-method status="PASS" signature="beforeMethod()[pri:0, instance:myPagesTest.TestPage@56aac163]" name="beforeMethod" is-config="true" duration-ms="2172" started-at="2020-12-25T13:57:18 IST" finished-at="2020-12-25T13:57:20 IST">
          <reporter-output>
          </reporter-output>
        </test-method> <!-- beforeMethod -->
        <test-method status="PASS" signature="test007()[pri:7, instance:myPagesTest.TestPage@56aac163]" name="test007" duration-ms="2" started-at="2020-12-25T13:57:20 IST" depends-on-methods="myPagesTest.TestPage.test006" finished-at="2020-12-25T13:57:20 IST">
          <reporter-output>
          </reporter-output>
        </test-method> <!-- test007 -->
        <test-method status="PASS" signature="afterMethod()[pri:0, instance:myPagesTest.TestPage@56aac163]" name="afterMethod" is-config="true" duration-ms="65" started-at="2020-12-25T13:57:20 IST" finished-at="2020-12-25T13:57:20 IST">
          <reporter-output>
          </reporter-output>
        </test-method> <!-- afterMethod -->
        <test-method status="PASS" signature="beforeMethod()[pri:0, instance:myPagesTest.TestPage@56aac163]" name="beforeMethod" is-config="true" duration-ms="2191" started-at="2020-12-25T13:57:20 IST" finished-at="2020-12-25T13:57:22 IST">
          <reporter-output>
          </reporter-output>
        </test-method> <!-- beforeMethod -->
        <test-method status="PASS" signature="test008()[pri:8, instance:myPagesTest.TestPage@56aac163]" name="test008" duration-ms="1" started-at="2020-12-25T13:57:22 IST" depends-on-methods="myPagesTest.TestPage.test006" finished-at="2020-12-25T13:57:22 IST">
          <reporter-output>
          </reporter-output>
        </test-method> <!-- test008 -->
        <test-method status="PASS" signature="afterMethod()[pri:0, instance:myPagesTest.TestPage@56aac163]" name="afterMethod" is-config="true" duration-ms="56" started-at="2020-12-25T13:57:22 IST" finished-at="2020-12-25T13:57:22 IST">
          <reporter-output>
          </reporter-output>
        </test-method> <!-- afterMethod -->
        <test-method status="PASS" signature="beforeMethod()[pri:0, instance:myPagesTest.TestPage@56aac163]" name="beforeMethod" is-config="true" duration-ms="2343" started-at="2020-12-25T13:57:22 IST" finished-at="2020-12-25T13:57:25 IST">
          <reporter-output>
          </reporter-output>
        </test-method> <!-- beforeMethod -->
        <test-method status="SKIP" signature="test009()[pri:9, instance:myPagesTest.TestPage@56aac163]" name="test009" duration-ms="6" retried="true" started-at="2020-12-25T13:57:25 IST" finished-at="2020-12-25T13:57:25 IST">
          <exception class="java.lang.AssertionError">
            <full-stacktrace>
              <![CDATA[java.lang.AssertionError: 
at org.testng.AssertJUnit.fail(AssertJUnit.java:47)
at org.testng.AssertJUnit.assertTrue(AssertJUnit.java:20)
at org.testng.AssertJUnit.assertTrue(AssertJUnit.java:26)
at myPagesTest.TestPage.test009(TestPage.java:96)
at sun.reflect.NativeMethodAccessorImpl.invoke0(Native Method)
at sun.reflect.NativeMethodAccessorImpl.invoke(NativeMethodAccessorImpl.java:62)
at sun.reflect.DelegatingMethodAccessorImpl.invoke(DelegatingMethodAccessorImpl.java:43)
at java.lang.reflect.Method.invoke(Method.java:498)
at org.testng.internal.MethodInvocationHelper.invokeMethod(MethodInvocationHelper.java:133)
at org.testng.internal.TestInvoker.invokeMethod(TestInvoker.java:584)
at org.testng.internal.TestInvoker.invokeTestMethod(TestInvoker.java:172)
at org.testng.internal.MethodRunner.runInSequence(MethodRunner.java:46)
at org.testng.internal.TestInvoker$MethodInvocationAgent.invoke(TestInvoker.java:804)
at org.testng.internal.TestInvoker.invokeTestMethods(TestInvoker.java:145)
at org.testng.internal.TestMethodWorker.invokeTestMethods(TestMethodWorker.java:146)
at org.testng.internal.TestMethodWorker.run(TestMethodWorker.java:128)
at java.util.ArrayList.forEach(ArrayList.java:1257)
at org.testng.TestRunner.privateRun(TestRunner.java:770)
at org.testng.TestRunner.run(TestRunner.java:591)
at org.testng.SuiteRunner.runTest(SuiteRunner.java:402)
at org.testng.SuiteRunner.runSequentially(SuiteRunner.java:396)
at org.testng.SuiteRunner.privateRun(SuiteRunner.java:355)
at org.testng.SuiteRunner.run(SuiteRunner.java:304)
at org.testng.SuiteRunnerWorker.runSuite(SuiteRunnerWorker.java:53)
at org.testng.SuiteRunnerWorker.run(SuiteRunnerWorker.java:96)
at org.testng.TestNG.runSuitesSequentially(TestNG.java:1180)
at org.testng.TestNG.runSuitesLocally(TestNG.java:1102)
at org.testng.TestNG.runSuites(TestNG.java:1032)
at org.testng.TestNG.run(TestNG.java:1000)
at org.testng.remote.AbstractRemoteTestNG.run(AbstractRemoteTestNG.java:115)
at org.testng.remote.RemoteTestNG.initAndRun(RemoteTestNG.java:251)
at org.testng.remote.RemoteTestNG.main(RemoteTestNG.java:77)
]]>
            </full-stacktrace>
          </exception> <!-- java.lang.AssertionError -->
          <reporter-output>
          </reporter-output>
        </test-method> <!-- test009 -->
        <test-method status="PASS" signature="afterMethod()[pri:0, instance:myPagesTest.TestPage@56aac163]" name="afterMethod" is-config="true" duration-ms="58" started-at="2020-12-25T13:57:25 IST" finished-at="2020-12-25T13:57:25 IST">
          <reporter-output>
          </reporter-output>
        </test-method> <!-- afterMethod -->
        <test-method status="PASS" signature="beforeMethod()[pri:0, instance:myPagesTest.TestPage@56aac163]" name="beforeMethod" is-config="true" duration-ms="2154" started-at="2020-12-25T13:57:25 IST" finished-at="2020-12-25T13:57:27 IST">
          <reporter-output>
          </reporter-output>
        </test-method> <!-- beforeMethod -->
        <test-method status="SKIP" signature="test009()[pri:9, instance:myPagesTest.TestPage@56aac163]" name="test009" duration-ms="2" retried="true" started-at="2020-12-25T13:57:27 IST" finished-at="2020-12-25T13:57:27 IST">
          <exception class="java.lang.AssertionError">
            <full-stacktrace>
              <![CDATA[java.lang.AssertionError: 
at org.testng.AssertJUnit.fail(AssertJUnit.java:47)
at org.testng.AssertJUnit.assertTrue(AssertJUnit.java:20)
at org.testng.AssertJUnit.assertTrue(AssertJUnit.java:26)
at myPagesTest.TestPage.test009(TestPage.java:96)
at sun.reflect.NativeMethodAccessorImpl.invoke0(Native Method)
at sun.reflect.NativeMethodAccessorImpl.invoke(NativeMethodAccessorImpl.java:62)
at sun.reflect.DelegatingMethodAccessorImpl.invoke(DelegatingMethodAccessorImpl.java:43)
at java.lang.reflect.Method.invoke(Method.java:498)
at org.testng.internal.MethodInvocationHelper.invokeMethod(MethodInvocationHelper.java:133)
at org.testng.internal.TestInvoker.invokeMethod(TestInvoker.java:584)
at org.testng.internal.TestInvoker.retryFailed(TestInvoker.java:204)
at org.testng.internal.MethodRunner.runInSequence(MethodRunner.java:58)
at org.testng.internal.TestInvoker$MethodInvocationAgent.invoke(TestInvoker.java:804)
at org.testng.internal.TestInvoker.invokeTestMethods(TestInvoker.java:145)
at org.testng.internal.TestMethodWorker.invokeTestMethods(TestMethodWorker.java:146)
at org.testng.internal.TestMethodWorker.run(TestMethodWorker.java:128)
at java.util.ArrayList.forEach(ArrayList.java:1257)
at org.testng.TestRunner.privateRun(TestRunner.java:770)
at org.testng.TestRunner.run(TestRunner.java:591)
at org.testng.SuiteRunner.runTest(SuiteRunner.java:402)
at org.testng.SuiteRunner.runSequentially(SuiteRunner.java:396)
at org.testng.SuiteRunner.privateRun(SuiteRunner.java:355)
at org.testng.SuiteRunner.run(SuiteRunner.java:304)
at org.testng.SuiteRunnerWorker.runSuite(SuiteRunnerWorker.java:53)
at org.testng.SuiteRunnerWorker.run(SuiteRunnerWorker.java:96)
at org.testng.TestNG.runSuitesSequentially(TestNG.java:1180)
at org.testng.TestNG.runSuitesLocally(TestNG.java:1102)
at org.testng.TestNG.runSuites(TestNG.java:1032)
at org.testng.TestNG.run(TestNG.java:1000)
at org.testng.remote.AbstractRemoteTestNG.run(AbstractRemoteTestNG.java:115)
at org.testng.remote.RemoteTestNG.initAndRun(RemoteTestNG.java:251)
at org.testng.remote.RemoteTestNG.main(RemoteTestNG.java:77)
]]>
            </full-stacktrace>
          </exception> <!-- java.lang.AssertionError -->
          <reporter-output>
          </reporter-output>
        </test-method> <!-- test009 -->
        <test-method status="PASS" signature="afterMethod()[pri:0, instance:myPagesTest.TestPage@56aac163]" name="afterMethod" is-config="true" duration-ms="56" started-at="2020-12-25T13:57:27 IST" finished-at="2020-12-25T13:57:27 IST">
          <reporter-output>
          </reporter-output>
        </test-method> <!-- afterMethod -->
        <test-method status="PASS" signature="beforeMethod()[pri:0, instance:myPagesTest.TestPage@56aac163]" name="beforeMethod" is-config="true" duration-ms="2126" started-at="2020-12-25T13:57:27 IST" finished-at="2020-12-25T13:57:29 IST">
          <reporter-output>
          </reporter-output>
        </test-method> <!-- beforeMethod -->
        <test-method status="SKIP" signature="test009()[pri:9, instance:myPagesTest.TestPage@56aac163]" name="test009" duration-ms="2" retried="true" started-at="2020-12-25T13:57:29 IST" finished-at="2020-12-25T13:57:29 IST">
          <exception class="java.lang.AssertionError">
            <full-stacktrace>
              <![CDATA[java.lang.AssertionError: 
at org.testng.AssertJUnit.fail(AssertJUnit.java:47)
at org.testng.AssertJUnit.assertTrue(AssertJUnit.java:20)
at org.testng.AssertJUnit.assertTrue(AssertJUnit.java:26)
at myPagesTest.TestPage.test009(TestPage.java:96)
at sun.reflect.NativeMethodAccessorImpl.invoke0(Native Method)
at sun.reflect.NativeMethodAccessorImpl.invoke(NativeMethodAccessorImpl.java:62)
at sun.reflect.DelegatingMethodAccessorImpl.invoke(DelegatingMethodAccessorImpl.java:43)
at java.lang.reflect.Method.invoke(Method.java:498)
at org.testng.internal.MethodInvocationHelper.invokeMethod(MethodInvocationHelper.java:133)
at org.testng.internal.TestInvoker.invokeMethod(TestInvoker.java:584)
at org.testng.internal.TestInvoker.retryFailed(TestInvoker.java:204)
at org.testng.internal.MethodRunner.runInSequence(MethodRunner.java:58)
at org.testng.internal.TestInvoker$MethodInvocationAgent.invoke(TestInvoker.java:804)
at org.testng.internal.TestInvoker.invokeTestMethods(TestInvoker.java:145)
at org.testng.internal.TestMethodWorker.invokeTestMethods(TestMethodWorker.java:146)
at org.testng.internal.TestMethodWorker.run(TestMethodWorker.java:128)
at java.util.ArrayList.forEach(ArrayList.java:1257)
at org.testng.TestRunner.privateRun(TestRunner.java:770)
at org.testng.TestRunner.run(TestRunner.java:591)
at org.testng.SuiteRunner.runTest(SuiteRunner.java:402)
at org.testng.SuiteRunner.runSequentially(SuiteRunner.java:396)
at org.testng.SuiteRunner.privateRun(SuiteRunner.java:355)
at org.testng.SuiteRunner.run(SuiteRunner.java:304)
at org.testng.SuiteRunnerWorker.runSuite(SuiteRunnerWorker.java:53)
at org.testng.SuiteRunnerWorker.run(SuiteRunnerWorker.java:96)
at org.testng.TestNG.runSuitesSequentially(TestNG.java:1180)
at org.testng.TestNG.runSuitesLocally(TestNG.java:1102)
at org.testng.TestNG.runSuites(TestNG.java:1032)
at org.testng.TestNG.run(TestNG.java:1000)
at org.testng.remote.AbstractRemoteTestNG.run(AbstractRemoteTestNG.java:115)
at org.testng.remote.RemoteTestNG.initAndRun(RemoteTestNG.java:251)
at org.testng.remote.RemoteTestNG.main(RemoteTestNG.java:77)
]]>
            </full-stacktrace>
          </exception> <!-- java.lang.AssertionError -->
          <reporter-output>
          </reporter-output>
        </test-method> <!-- test009 -->
        <test-method status="PASS" signature="afterMethod()[pri:0, instance:myPagesTest.TestPage@56aac163]" name="afterMethod" is-config="true" duration-ms="58" started-at="2020-12-25T13:57:29 IST" finished-at="2020-12-25T13:57:29 IST">
          <reporter-output>
          </reporter-output>
        </test-method> <!-- afterMethod -->
        <test-method status="PASS" signature="beforeMethod()[pri:0, instance:myPagesTest.TestPage@56aac163]" name="beforeMethod" is-config="true" duration-ms="3213" started-at="2020-12-25T13:57:29 IST" finished-at="2020-12-25T13:57:33 IST">
          <reporter-output>
          </reporter-output>
        </test-method> <!-- beforeMethod -->
        <test-method status="FAIL" signature="test009()[pri:9, instance:myPagesTest.TestPage@56aac163]" name="test009" duration-ms="2" started-at="2020-12-25T13:57:33 IST" finished-at="2020-12-25T13:57:33 IST">
          <exception class="java.lang.AssertionError">
            <full-stacktrace>
              <![CDATA[java.lang.AssertionError: 
at org.testng.AssertJUnit.fail(AssertJUnit.java:47)
at org.testng.AssertJUnit.assertTrue(AssertJUnit.java:20)
at org.testng.AssertJUnit.assertTrue(AssertJUnit.java:26)
at myPagesTest.TestPage.test009(TestPage.java:96)
at sun.reflect.NativeMethodAccessorImpl.invoke0(Native Method)
at sun.reflect.NativeMethodAccessorImpl.invoke(NativeMethodAccessorImpl.java:62)
at sun.reflect.DelegatingMethodAccessorImpl.invoke(DelegatingMethodAccessorImpl.java:43)
at java.lang.reflect.Method.invoke(Method.java:498)
at org.testng.internal.MethodInvocationHelper.invokeMethod(MethodInvocationHelper.java:133)
at org.testng.internal.TestInvoker.invokeMethod(TestInvoker.java:584)
at org.testng.internal.TestInvoker.retryFailed(TestInvoker.java:204)
at org.testng.internal.MethodRunner.runInSequence(MethodRunner.java:58)
at org.testng.internal.TestInvoker$MethodInvocationAgent.invoke(TestInvoker.java:804)
at org.testng.internal.TestInvoker.invokeTestMethods(TestInvoker.java:145)
at org.testng.internal.TestMethodWorker.invokeTestMethods(TestMethodWorker.java:146)
at org.testng.internal.TestMethodWorker.run(TestMethodWorker.java:128)
at java.util.ArrayList.forEach(ArrayList.java:1257)
at org.testng.TestRunner.privateRun(TestRunner.java:770)
at org.testng.TestRunner.run(TestRunner.java:591)
at org.testng.SuiteRunner.runTest(SuiteRunner.java:402)
at org.testng.SuiteRunner.runSequentially(SuiteRunner.java:396)
at org.testng.SuiteRunner.privateRun(SuiteRunner.java:355)
at org.testng.SuiteRunner.run(SuiteRunner.java:304)
at org.testng.SuiteRunnerWorker.runSuite(SuiteRunnerWorker.java:53)
at org.testng.SuiteRunnerWorker.run(SuiteRunnerWorker.java:96)
at org.testng.TestNG.runSuitesSequentially(TestNG.java:1180)
at org.testng.TestNG.runSuitesLocally(TestNG.java:1102)
at org.testng.TestNG.runSuites(TestNG.java:1032)
at org.testng.TestNG.run(TestNG.java:1000)
at org.testng.remote.AbstractRemoteTestNG.run(AbstractRemoteTestNG.java:115)
at org.testng.remote.RemoteTestNG.initAndRun(RemoteTestNG.java:251)
at org.testng.remote.RemoteTestNG.main(RemoteTestNG.java:77)
]]>
            </full-stacktrace>
          </exception> <!-- java.lang.AssertionError -->
          <reporter-output>
          </reporter-output>
        </test-method> <!-- test009 -->
        <test-method status="PASS" signature="afterMethod()[pri:0, instance:myPagesTest.TestPage@56aac163]" name="afterMethod" is-config="true" duration-ms="910" started-at="2020-12-25T13:57:33 IST" finished-at="2020-12-25T13:57:33 IST">
          <reporter-output>
          </reporter-output>
        </test-method> <!-- afterMethod -->
        <test-method status="SKIP" signature="test010()[pri:10, instance:myPagesTest.TestPage@56aac163]" name="test010" duration-ms="0" started-at="2020-12-25T13:57:33 IST" depends-on-methods="myPagesTest.TestPage.test009" finished-at="2020-12-25T13:57:33 IST">
          <exception class="java.lang.Throwable">
            <message>
              <![CDATA[Method TestPage.test010()[pri:10, instance:myPagesTest.TestPage@56aac163] depends on not successfully finished methods]]>
            </message>
            <full-stacktrace>
              <![CDATA[java.lang.Throwable: Method TestPage.test010()[pri:10, instance:myPagesTest.TestPage@56aac163] depends on not successfully finished methods
at org.testng.internal.TestInvoker.invokeTestMethods(TestInvoker.java:99)
at org.testng.internal.TestMethodWorker.invokeTestMethods(TestMethodWorker.java:146)
at org.testng.internal.TestMethodWorker.run(TestMethodWorker.java:128)
at java.util.ArrayList.forEach(ArrayList.java:1257)
at org.testng.TestRunner.privateRun(TestRunner.java:770)
at org.testng.TestRunner.run(TestRunner.java:591)
at org.testng.SuiteRunner.runTest(SuiteRunner.java:402)
at org.testng.SuiteRunner.runSequentially(SuiteRunner.java:396)
at org.testng.SuiteRunner.privateRun(SuiteRunner.java:355)
at org.testng.SuiteRunner.run(SuiteRunner.java:304)
at org.testng.SuiteRunnerWorker.runSuite(SuiteRunnerWorker.java:53)
at org.testng.SuiteRunnerWorker.run(SuiteRunnerWorker.java:96)
at org.testng.TestNG.runSuitesSequentially(TestNG.java:1180)
at org.testng.TestNG.runSuitesLocally(TestNG.java:1102)
at org.testng.TestNG.runSuites(TestNG.java:1032)
at org.testng.TestNG.run(TestNG.java:1000)
at org.testng.remote.AbstractRemoteTestNG.run(AbstractRemoteTestNG.java:115)
at org.testng.remote.RemoteTestNG.initAndRun(RemoteTestNG.java:251)
at org.testng.remote.RemoteTestNG.main(RemoteTestNG.java:77)
]]>
            </full-stacktrace>
          </exception> <!-- java.lang.Throwable -->
          <reporter-output>
          </reporter-output>
        </test-method> <!-- test010 -->
        <test-method status="SKIP" signature="test011()[pri:11, instance:myPagesTest.TestPage@56aac163]" name="test011" duration-ms="0" started-at="2020-12-25T13:57:33 IST" depends-on-methods="myPagesTest.TestPage.test009" finished-at="2020-12-25T13:57:33 IST">
          <exception class="java.lang.Throwable">
            <message>
              <![CDATA[Method TestPage.test011()[pri:11, instance:myPagesTest.TestPage@56aac163] depends on not successfully finished methods]]>
            </message>
            <full-stacktrace>
              <![CDATA[java.lang.Throwable: Method TestPage.test011()[pri:11, instance:myPagesTest.TestPage@56aac163] depends on not successfully finished methods
at org.testng.internal.TestInvoker.invokeTestMethods(TestInvoker.java:99)
at org.testng.internal.TestMethodWorker.invokeTestMethods(TestMethodWorker.java:146)
at org.testng.internal.TestMethodWorker.run(TestMethodWorker.java:128)
at java.util.ArrayList.forEach(ArrayList.java:1257)
at org.testng.TestRunner.privateRun(TestRunner.java:770)
at org.testng.TestRunner.run(TestRunner.java:591)
at org.testng.SuiteRunner.runTest(SuiteRunner.java:402)
at org.testng.SuiteRunner.runSequentially(SuiteRunner.java:396)
at org.testng.SuiteRunner.privateRun(SuiteRunner.java:355)
at org.testng.SuiteRunner.run(SuiteRunner.java:304)
at org.testng.SuiteRunnerWorker.runSuite(SuiteRunnerWorker.java:53)
at org.testng.SuiteRunnerWorker.run(SuiteRunnerWorker.java:96)
at org.testng.TestNG.runSuitesSequentially(TestNG.java:1180)
at org.testng.TestNG.runSuitesLocally(TestNG.java:1102)
at org.testng.TestNG.runSuites(TestNG.java:1032)
at org.testng.TestNG.run(TestNG.java:1000)
at org.testng.remote.AbstractRemoteTestNG.run(AbstractRemoteTestNG.java:115)
at org.testng.remote.RemoteTestNG.initAndRun(RemoteTestNG.java:251)
at org.testng.remote.RemoteTestNG.main(RemoteTestNG.java:77)
]]>
            </full-stacktrace>
          </exception> <!-- java.lang.Throwable -->
          <reporter-output>
          </reporter-output>
        </test-method> <!-- test011 -->
        <test-method status="PASS" signature="afterClass()[pri:0, instance:myPagesTest.TestPage@56aac163]" name="afterClass" is-config="true" duration-ms="0" started-at="2020-12-25T13:57:33 IST" finished-at="2020-12-25T13:57:33 IST">
          <reporter-output>
          </reporter-output>
        </test-method> <!-- afterClass -->
        <test-method status="PASS" signature="afterTest()[pri:0, instance:myPagesTest.TestPage@56aac163]" name="afterTest" is-config="true" duration-ms="1" started-at="2020-12-25T13:57:33 IST" finished-at="2020-12-25T13:57:33 IST">
          <reporter-output>
          </reporter-output>
        </test-method> <!-- afterTest -->
        <test-method status="PASS" signature="afterSuite()[pri:0, instance:myPagesTest.TestPage@56aac163]" name="afterSuite" is-config="true" duration-ms="1" started-at="2020-12-25T13:57:34 IST" finished-at="2020-12-25T13:57:34 IST">
          <reporter-output>
          </reporter-output>
        </test-method> <!-- afterSuite -->
      </class> <!-- myPagesTest.TestPage -->
    </test> <!-- Test -->
  </suite> <!-- Suite -->
</testng-results>
